#
# There is insufficient memory for the Java Runtime Environment to continue.
# Native memory allocation (malloc) failed to allocate 1076656 bytes for Chunk::new
# Possible reasons:
#   The system is out of physical RAM or swap space
#   In 32 bit mode, the process size limit was hit
# Possible solutions:
#   Reduce memory load on the system
#   Increase physical memory or swap space
#   Check if swap backing store is full
#   Use 64 bit Java on a 64 bit OS
#   Decrease Java heap size (-Xmx/-Xms)
#   Decrease number of Java threads
#   Decrease Java thread stack sizes (-Xss)
#   Set larger code cache with -XX:ReservedCodeCacheSize=
# This output file may be truncated or incomplete.
#
#  Out of Memory Error (allocation.cpp:390), pid=13172, tid=0x0000000000000634
#
# JRE version: OpenJDK Runtime Environment (8.0_152-b01) (build 1.8.0_152-release-915-b01)
# Java VM: OpenJDK 64-Bit Server VM (25.152-b01 mixed mode windows-amd64 compressed oops)
# Failed to write core dump. Minidumps are not enabled by default on client versions of Windows
#

---------------  T H R E A D  ---------------

Current thread (0x0000000014e37000):  JavaThread "C2 CompilerThread0" daemon [_thread_in_native, id=1588, stack(0x0000000015e70000,0x0000000015f70000)]

Stack: [0x0000000015e70000,0x0000000015f70000]
[error occurred during error reporting (printing stack bounds), id 0xc0000005]

Native frames: (J=compiled Java code, j=interpreted, Vv=VM code, C=native code)


Current CompileTask:
C2:  10217 1847       4       com.android.dx.cf.code.ValueAwareMachine::run (1142 bytes)


---------------  P R O C E S S  ---------------

Java Threads: ( => current thread )
  0x0000000014e9b800 JavaThread "Service Thread" daemon [_thread_blocked, id=2572, stack(0x0000000016070000,0x0000000016170000)]
  0x0000000014e3a800 JavaThread "C1 CompilerThread1" daemon [_thread_blocked, id=6452, stack(0x0000000015f70000,0x0000000016070000)]
=>0x0000000014e37000 JavaThread "C2 CompilerThread0" daemon [_thread_in_native, id=1588, stack(0x0000000015e70000,0x0000000015f70000)]
  0x0000000014e36000 JavaThread "Attach Listener" daemon [_thread_blocked, id=14356, stack(0x0000000015d70000,0x0000000015e70000)]
  0x0000000014e41000 JavaThread "Signal Dispatcher" daemon [_thread_blocked, id=9760, stack(0x0000000015c70000,0x0000000015d70000)]
  0x0000000014e19000 JavaThread "Finalizer" daemon [_thread_blocked, id=5040, stack(0x0000000015a80000,0x0000000015b80000)]
  0x0000000014df4800 JavaThread "Reference Handler" daemon [_thread_blocked, id=10140, stack(0x0000000015980000,0x0000000015a80000)]
  0x00000000027ad800 JavaThread "main" [_thread_in_vm, id=4228, stack(0x0000000002650000,0x0000000002750000)]

Other Threads:
  0x0000000014ded000 VMThread [stack: 0x0000000015880000,0x0000000015980000] [id=14552]
  0x0000000014e9e000 WatcherThread [stack: 0x0000000016170000,0x0000000016270000] [id=15108]

VM state:not at safepoint (normal execution)

VM Mutex/Monitor currently owned by a thread: None

Heap:
 PSYoungGen      total 110080K, used 108462K [0x00000000eab00000, 0x00000000f9100000, 0x0000000100000000)
  eden space 97280K, 98% used [0x00000000eab00000,0x00000000f086c100,0x00000000f0a00000)
  from space 12800K, 99% used [0x00000000f0a00000,0x00000000f167f918,0x00000000f1680000)
  to   space 20480K, 0% used [0x00000000f7d00000,0x00000000f7d00000,0x00000000f9100000)
 ParOldGen       total 64512K, used 30226K [0x00000000c0000000, 0x00000000c3f00000, 0x00000000eab00000)
  object space 64512K, 46% used [0x00000000c0000000,0x00000000c1d84b98,0x00000000c3f00000)
 Metaspace       used 6896K, capacity 7672K, committed 7808K, reserved 1056768K
  class space    used 619K, capacity 624K, committed 640K, reserved 1048576K

Card table byte_map: [0x0000000011d70000,0x0000000011f80000] byte_map_base: 0x0000000011770000

Marking Bits: (ParMarkBitMap*) 0x0000000066d93950
 Begin Bits: [0x00000000122e0000, 0x00000000132e0000)
 End Bits:   [0x00000000132e0000, 0x00000000142e0000)

Polling page: 0x00000000007d0000

CodeCache: size=245760Kb used=9394Kb max_used=9394Kb free=236365Kb
 bounds [0x00000000029b0000, 0x00000000032f0000, 0x00000000119b0000]
 total_blobs=2581 nmethods=2318 adapters=177
 compilation: enabled

Compilation events (10 events):
Event: 10.046 Thread 0x0000000014e3a800 2349       2       com.android.dx.dex.code.form.Form21t::writeTo (34 bytes)
Event: 10.047 Thread 0x0000000014e3a800 nmethod 2349 0x00000000032db590 code [0x00000000032db760, 0x00000000032dbbf8]
Event: 10.049 Thread 0x0000000014e3a800 2350       2       com.android.dx.dex.code.form.Form11n::writeTo (45 bytes)
Event: 10.050 Thread 0x0000000014e3a800 nmethod 2350 0x00000000032dc0d0 code [0x00000000032dc280, 0x00000000032dc588]
Event: 10.050 Thread 0x0000000014e3a800 2351   !   2       com.android.dx.dex.file.CodeItem::writeCodes (50 bytes)
Event: 10.052 Thread 0x0000000014e3a800 nmethod 2351 0x00000000032dc890 code [0x00000000032dca60, 0x00000000032dce88]
Event: 10.053 Thread 0x0000000014e3a800 2352       2       com.android.dx.dex.code.form.Form21c::writeTo (34 bytes)
Event: 10.054 Thread 0x0000000014e3a800 nmethod 2352 0x00000000032dd210 code [0x00000000032dd3c0, 0x00000000032dd6e8]
Event: 10.061 Thread 0x0000000014e3a800 2353       2       com.android.dx.dex.code.form.Form10x::writeTo (10 bytes)
Event: 10.061 Thread 0x0000000014e3a800 nmethod 2353 0x00000000032dda10 code [0x00000000032ddb80, 0x00000000032ddd58]

GC Heap History (10 events):
Event: 3.693 GC heap before
{Heap before GC invocations=3 (full 0):
 PSYoungGen      total 28160K, used 28141K [0x00000000eab00000, 0x00000000ee200000, 0x0000000100000000)
  eden space 24576K, 100% used [0x00000000eab00000,0x00000000ec300000,0x00000000ec300000)
  from space 3584K, 99% used [0x00000000ec680000,0x00000000ec9fb448,0x00000000eca00000)
  to   space 3584K, 0% used [0x00000000ec300000,0x00000000ec300000,0x00000000ec680000)
 ParOldGen       total 64512K, used 3967K [0x00000000c0000000, 0x00000000c3f00000, 0x00000000eab00000)
  object space 64512K, 6% used [0x00000000c0000000,0x00000000c03dfe50,0x00000000c3f00000)
 Metaspace       used 6143K, capacity 7088K, committed 7296K, reserved 1056768K
  class space    used 579K, capacity 616K, committed 640K, reserved 1048576K
Event: 3.713 GC heap after
Heap after GC invocations=3 (full 0):
 PSYoungGen      total 28160K, used 3576K [0x00000000eab00000, 0x00000000ee200000, 0x0000000100000000)
  eden space 24576K, 0% used [0x00000000eab00000,0x00000000eab00000,0x00000000ec300000)
  from space 3584K, 99% used [0x00000000ec300000,0x00000000ec67e070,0x00000000ec680000)
  to   space 3584K, 0% used [0x00000000ede80000,0x00000000ede80000,0x00000000ee200000)
 ParOldGen       total 64512K, used 7202K [0x00000000c0000000, 0x00000000c3f00000, 0x00000000eab00000)
  object space 64512K, 11% used [0x00000000c0000000,0x00000000c0708b90,0x00000000c3f00000)
 Metaspace       used 6143K, capacity 7088K, committed 7296K, reserved 1056768K
  class space    used 579K, capacity 616K, committed 640K, reserved 1048576K
}
Event: 4.126 GC heap before
{Heap before GC invocations=4 (full 0):
 PSYoungGen      total 28160K, used 28152K [0x00000000eab00000, 0x00000000ee200000, 0x0000000100000000)
  eden space 24576K, 100% used [0x00000000eab00000,0x00000000ec300000,0x00000000ec300000)
  from space 3584K, 99% used [0x00000000ec300000,0x00000000ec67e070,0x00000000ec680000)
  to   space 3584K, 0% used [0x00000000ede80000,0x00000000ede80000,0x00000000ee200000)
 ParOldGen       total 64512K, used 7202K [0x00000000c0000000, 0x00000000c3f00000, 0x00000000eab00000)
  object space 64512K, 11% used [0x00000000c0000000,0x00000000c0708b90,0x00000000c3f00000)
 Metaspace       used 6182K, capacity 7152K, committed 7296K, reserved 1056768K
  class space    used 579K, capacity 616K, committed 640K, reserved 1048576K
Event: 4.156 GC heap after
Heap after GC invocations=4 (full 0):
 PSYoungGen      total 52736K, used 3561K [0x00000000eab00000, 0x00000000ee200000, 0x0000000100000000)
  eden space 49152K, 0% used [0x00000000eab00000,0x00000000eab00000,0x00000000edb00000)
  from space 3584K, 99% used [0x00000000ede80000,0x00000000ee1fa658,0x00000000ee200000)
  to   space 3584K, 0% used [0x00000000edb00000,0x00000000edb00000,0x00000000ede80000)
 ParOldGen       total 64512K, used 10800K [0x00000000c0000000, 0x00000000c3f00000, 0x00000000eab00000)
  object space 64512K, 16% used [0x00000000c0000000,0x00000000c0a8c050,0x00000000c3f00000)
 Metaspace       used 6182K, capacity 7152K, committed 7296K, reserved 1056768K
  class space    used 579K, capacity 616K, committed 640K, reserved 1048576K
}
Event: 4.819 GC heap before
{Heap before GC invocations=5 (full 0):
 PSYoungGen      total 52736K, used 52713K [0x00000000eab00000, 0x00000000ee200000, 0x0000000100000000)
  eden space 49152K, 100% used [0x00000000eab00000,0x00000000edb00000,0x00000000edb00000)
  from space 3584K, 99% used [0x00000000ede80000,0x00000000ee1fa658,0x00000000ee200000)
  to   space 3584K, 0% used [0x00000000edb00000,0x00000000edb00000,0x00000000ede80000)
 ParOldGen       total 64512K, used 10800K [0x00000000c0000000, 0x00000000c3f00000, 0x00000000eab00000)
  object space 64512K, 16% used [0x00000000c0000000,0x00000000c0a8c050,0x00000000c3f00000)
 Metaspace       used 6216K, capacity 7152K, committed 7296K, reserved 1056768K
  class space    used 579K, capacity 616K, committed 640K, reserved 1048576K
Event: 4.851 GC heap after
Heap after GC invocations=5 (full 0):
 PSYoungGen      total 52736K, used 3568K [0x00000000eab00000, 0x00000000f2200000, 0x0000000100000000)
  eden space 49152K, 0% used [0x00000000eab00000,0x00000000eab00000,0x00000000edb00000)
  from space 3584K, 99% used [0x00000000edb00000,0x00000000ede7c260,0x00000000ede80000)
  to   space 11776K, 0% used [0x00000000f1680000,0x00000000f1680000,0x00000000f2200000)
 ParOldGen       total 64512K, used 18478K [0x00000000c0000000, 0x00000000c3f00000, 0x00000000eab00000)
  object space 64512K, 28% used [0x00000000c0000000,0x00000000c120bae8,0x00000000c3f00000)
 Metaspace       used 6216K, capacity 7152K, committed 7296K, reserved 1056768K
  class space    used 579K, capacity 616K, committed 640K, reserved 1048576K
}
Event: 5.301 GC heap before
{Heap before GC invocations=6 (full 0):
 PSYoungGen      total 52736K, used 52720K [0x00000000eab00000, 0x00000000f2200000, 0x0000000100000000)
  eden space 49152K, 100% used [0x00000000eab00000,0x00000000edb00000,0x00000000edb00000)
  from space 3584K, 99% used [0x00000000edb00000,0x00000000ede7c260,0x00000000ede80000)
  to   space 11776K, 0% used [0x00000000f1680000,0x00000000f1680000,0x00000000f2200000)
 ParOldGen       total 64512K, used 18478K [0x00000000c0000000, 0x00000000c3f00000, 0x00000000eab00000)
  object space 64512K, 28% used [0x00000000c0000000,0x00000000c120bae8,0x00000000c3f00000)
 Metaspace       used 6314K, capacity 7154K, committed 7296K, reserved 1056768K
  class space    used 598K, capacity 618K, committed 640K, reserved 1048576K
Event: 5.334 GC heap after
Heap after GC invocations=6 (full 0):
 PSYoungGen      total 109056K, used 10541K [0x00000000eab00000, 0x00000000f2400000, 0x0000000100000000)
  eden space 97280K, 0% used [0x00000000eab00000,0x00000000eab00000,0x00000000f0a00000)
  from space 11776K, 89% used [0x00000000f1680000,0x00000000f20cb778,0x00000000f2200000)
  to   space 12800K, 0% used [0x00000000f0a00000,0x00000000f0a00000,0x00000000f1680000)
 ParOldGen       total 64512K, used 18478K [0x00000000c0000000, 0x00000000c3f00000, 0x00000000eab00000)
  object space 64512K, 28% used [0x00000000c0000000,0x00000000c120bae8,0x00000000c3f00000)
 Metaspace       used 6314K, capacity 7154K, committed 7296K, reserved 1056768K
  class space    used 598K, capacity 618K, committed 640K, reserved 1048576K
}
Event: 7.378 GC heap before
{Heap before GC invocations=7 (full 0):
 PSYoungGen      total 109056K, used 107821K [0x00000000eab00000, 0x00000000f2400000, 0x0000000100000000)
  eden space 97280K, 100% used [0x00000000eab00000,0x00000000f0a00000,0x00000000f0a00000)
  from space 11776K, 89% used [0x00000000f1680000,0x00000000f20cb778,0x00000000f2200000)
  to   space 12800K, 0% used [0x00000000f0a00000,0x00000000f0a00000,0x00000000f1680000)
 ParOldGen       total 64512K, used 18478K [0x00000000c0000000, 0x00000000c3f00000, 0x00000000eab00000)
  object space 64512K, 28% used [0x00000000c0000000,0x00000000c120bae8,0x00000000c3f00000)
 Metaspace       used 6408K, capacity 7218K, committed 7296K, reserved 1056768K
  class space    used 598K, capacity 618K, committed 640K, reserved 1048576K
Event: 7.552 GC heap after
Heap after GC invocations=7 (full 0):
 PSYoungGen      total 110080K, used 12798K [0x00000000eab00000, 0x00000000f9100000, 0x0000000100000000)
  eden space 97280K, 0% used [0x00000000eab00000,0x00000000eab00000,0x00000000f0a00000)
  from space 12800K, 99% used [0x00000000f0a00000,0x00000000f167f918,0x00000000f1680000)
  to   space 20480K, 0% used [0x00000000f7d00000,0x00000000f7d00000,0x00000000f9100000)
 ParOldGen       total 64512K, used 30226K [0x00000000c0000000, 0x00000000c3f00000, 0x00000000eab00000)
  object space 64512K, 46% used [0x00000000c0000000,0x00000000c1d84b98,0x00000000c3f00000)
 Metaspace       used 6408K, capacity 7218K, committed 7296K, reserved 1056768K
  class space    used 598K, capacity 618K, committed 640K, reserved 1048576K
}

Deoptimization events (10 events):
Event: 7.685 Thread 0x00000000027ad800 Uncommon trap: reason=unstable_if action=reinterpret pc=0x000000000301c6cc method=com.android.dx.ssa.SCCP.simulateBranch(Lcom/android/dx/ssa/SsaInsn;)V @ 548
Event: 8.253 Thread 0x00000000027ad800 Uncommon trap: reason=class_check action=maybe_recompile pc=0x0000000002fbdc98 method=java.util.Arrays.hashCode([Ljava/lang/Object;)I @ 43
Event: 8.254 Thread 0x00000000027ad800 Uncommon trap: reason=class_check action=maybe_recompile pc=0x0000000002fbdc98 method=java.util.Arrays.hashCode([Ljava/lang/Object;)I @ 43
Event: 8.254 Thread 0x00000000027ad800 Uncommon trap: reason=class_check action=maybe_recompile pc=0x0000000002fbdc98 method=java.util.Arrays.hashCode([Ljava/lang/Object;)I @ 43
Event: 8.254 Thread 0x00000000027ad800 Uncommon trap: reason=class_check action=maybe_recompile pc=0x0000000002fbdc98 method=java.util.Arrays.hashCode([Ljava/lang/Object;)I @ 43
Event: 8.254 Thread 0x00000000027ad800 Uncommon trap: reason=class_check action=maybe_recompile pc=0x0000000002fbd6b8 method=java.util.Arrays.hashCode([Ljava/lang/Object;)I @ 43
Event: 8.542 Thread 0x00000000027ad800 Uncommon trap: reason=speculate_class_check action=maybe_recompile pc=0x0000000002d9a990 method=com.android.dx.util.FixedSizeList.equals(Ljava/lang/Object;)Z @ 25
Event: 8.609 Thread 0x00000000027ad800 Uncommon trap: reason=speculate_class_check action=maybe_recompile pc=0x0000000002d9a990 method=com.android.dx.util.FixedSizeList.equals(Ljava/lang/Object;)Z @ 25
Event: 8.609 Thread 0x00000000027ad800 Uncommon trap: reason=speculate_class_check action=maybe_recompile pc=0x0000000002d9a990 method=com.android.dx.util.FixedSizeList.equals(Ljava/lang/Object;)Z @ 25
Event: 8.609 Thread 0x00000000027ad800 Uncommon trap: reason=speculate_class_check action=maybe_recompile pc=0x0000000002d9a990 method=com.android.dx.util.FixedSizeList.equals(Ljava/lang/Object;)Z @ 25

Classes redefined (0 events):
No events

Internal exceptions (6 events):
Event: 0.569 Thread 0x00000000027ad800 Exception <a 'java/lang/NoSuchMethodError': Method sun.misc.Unsafe.defineClass(Ljava/lang/String;[BII)Ljava/lang/Class; name or signature does not match> (0x00000000eab07ca8) thrown at [D:\src\AOSP-openjdk-cygwin\jdk8u\hotspot\src\share\vm\prims\jni.cpp, 
Event: 0.569 Thread 0x00000000027ad800 Exception <a 'java/lang/NoSuchMethodError': Method sun.misc.Unsafe.prefetchRead(Ljava/lang/Object;J)V name or signature does not match> (0x00000000eab07f90) thrown at [D:\src\AOSP-openjdk-cygwin\jdk8u\hotspot\src\share\vm\prims\jni.cpp, line 4011]
Event: 3.377 Thread 0x00000000164cf000 Implicit null exception at 0x0000000002d6ef73 to 0x0000000002d705d9
Event: 5.291 Thread 0x00000000164d6000 Exception <a 'java/lang/ArrayIndexOutOfBoundsException': 18> (0x00000000ed9ed8a8) thrown at [D:\src\AOSP-openjdk-cygwin\jdk8u\hotspot\src\share\vm\interpreter\interpreterRuntime.cpp, line 366]
Event: 5.292 Thread 0x00000000164d6000 Exception <a 'java/lang/ArrayIndexOutOfBoundsException'> (0x00000000ed9ef428) thrown at [D:\src\AOSP-openjdk-cygwin\jdk8u\hotspot\src\share\vm\runtime\sharedRuntime.cpp, line 605]
Event: 5.293 Thread 0x00000000164d6000 Exception <a 'java/lang/ArrayIndexOutOfBoundsException'> (0x00000000ed9f0710) thrown at [D:\src\AOSP-openjdk-cygwin\jdk8u\hotspot\src\share\vm\runtime\sharedRuntime.cpp, line 605]

Events (10 events):
Event: 9.528 Thread 0x00000000027ad800 DEOPT PACKING pc=0x000000000322ef49 sp=0x000000000274eff0
Event: 9.528 Thread 0x00000000027ad800 DEOPT UNPACKING pc=0x00000000029f71bf sp=0x000000000274ed18 mode 0
Event: 9.538 loading class com/android/dx/dex/file/MapItem
Event: 9.538 loading class com/android/dx/dex/file/MapItem done
Event: 9.632 loading class com/android/dex/DexFormat
Event: 9.632 loading class com/android/dex/DexFormat done
Event: 10.026 Thread 0x00000000027ad800 DEOPT PACKING pc=0x00000000032c146e sp=0x000000000274efe0
Event: 10.026 Thread 0x00000000027ad800 DEOPT UNPACKING pc=0x00000000029f71bf sp=0x000000000274ed00 mode 0
Event: 10.044 Thread 0x00000000027ad800 DEOPT PACKING pc=0x00000000032c27c0 sp=0x000000000274ee90
Event: 10.044 Thread 0x00000000027ad800 DEOPT UNPACKING pc=0x00000000029f71bf sp=0x000000000274ec78 mode 0


Dynamic libraries:
0x00007ff6cd020000 - 0x00007ff6cd051000 	C:\Program Files\Android\Android Studio\jre\bin\java.exe
0x00007ffad2240000 - 0x00007ffad2421000 	C:\WINDOWS\SYSTEM32\ntdll.dll
0x00007ffad1bf0000 - 0x00007ffad1ca2000 	C:\WINDOWS\System32\KERNEL32.DLL
0x00007ffacf320000 - 0x00007ffacf593000 	C:\WINDOWS\System32\KERNELBASE.dll
0x00007ffad0e80000 - 0x00007ffad0f21000 	C:\WINDOWS\System32\ADVAPI32.dll
0x00007ffad17e0000 - 0x00007ffad187e000 	C:\WINDOWS\System32\msvcrt.dll
0x00007ffad0b30000 - 0x00007ffad0b8b000 	C:\WINDOWS\System32\sechost.dll
0x00007ffad1cb0000 - 0x00007ffad1dd4000 	C:\WINDOWS\System32\RPCRT4.dll
0x00007ffad1e10000 - 0x00007ffad1fa0000 	C:\WINDOWS\System32\USER32.dll
0x00007fface610000 - 0x00007fface630000 	C:\WINDOWS\System32\win32u.dll
0x00007ffad1de0000 - 0x00007ffad1e08000 	C:\WINDOWS\System32\GDI32.dll
0x00007fface820000 - 0x00007fface9b2000 	C:\WINDOWS\System32\gdi32full.dll
0x00007ffacf280000 - 0x00007ffacf31f000 	C:\WINDOWS\System32\msvcp_win.dll
0x00007ffacf0d0000 - 0x00007ffacf1ca000 	C:\WINDOWS\System32\ucrtbase.dll
0x00007ffab8dd0000 - 0x00007ffab9039000 	C:\WINDOWS\WinSxS\amd64_microsoft.windows.common-controls_6595b64144ccf1df_6.0.17134.112_none_fb3f961b30681c12\COMCTL32.dll
0x00007ffad14b0000 - 0x00007ffad17d3000 	C:\WINDOWS\System32\combase.dll
0x00007ffacf600000 - 0x00007ffacf67a000 	C:\WINDOWS\System32\bcryptPrimitives.dll
0x00007ffad1bc0000 - 0x00007ffad1bed000 	C:\WINDOWS\System32\IMM32.DLL
0x0000000066410000 - 0x00000000664e2000 	C:\Program Files\Android\Android Studio\jre\jre\bin\msvcr100.dll
0x00000000665d0000 - 0x0000000066e0e000 	C:\Program Files\Android\Android Studio\jre\jre\bin\server\jvm.dll
0x00007ffad0b20000 - 0x00007ffad0b28000 	C:\WINDOWS\System32\PSAPI.DLL
0x00007ffac2180000 - 0x00007ffac2189000 	C:\WINDOWS\SYSTEM32\WSOCK32.dll
0x00007ffad21a0000 - 0x00007ffad220c000 	C:\WINDOWS\System32\WS2_32.dll
0x00007ffacc7e0000 - 0x00007ffacc803000 	C:\WINDOWS\SYSTEM32\WINMM.dll
0x00007ffac1630000 - 0x00007ffac163a000 	C:\WINDOWS\SYSTEM32\VERSION.dll
0x00007ffacc7b0000 - 0x00007ffacc7da000 	C:\WINDOWS\SYSTEM32\WINMMBASE.dll
0x00007ffacf680000 - 0x00007ffacf6c9000 	C:\WINDOWS\System32\cfgmgr32.dll
0x00007ffac1690000 - 0x00007ffac169f000 	C:\Program Files\Android\Android Studio\jre\jre\bin\verify.dll
0x00007ffaae440000 - 0x00007ffaae469000 	C:\Program Files\Android\Android Studio\jre\jre\bin\java.dll
0x00007ffab79c0000 - 0x00007ffab79d6000 	C:\Program Files\Android\Android Studio\jre\jre\bin\zip.dll
0x00007ffacf6e0000 - 0x00007ffad0b20000 	C:\WINDOWS\System32\SHELL32.dll
0x00007ffad0dd0000 - 0x00007ffad0e79000 	C:\WINDOWS\System32\shcore.dll
0x00007fface9c0000 - 0x00007ffacf0cd000 	C:\WINDOWS\System32\windows.storage.dll
0x00007ffad0b90000 - 0x00007ffad0be1000 	C:\WINDOWS\System32\shlwapi.dll
0x00007fface580000 - 0x00007fface591000 	C:\WINDOWS\System32\kernel.appcore.dll
0x00007fface550000 - 0x00007fface56f000 	C:\WINDOWS\System32\profapi.dll
0x00007fface5a0000 - 0x00007fface5ec000 	C:\WINDOWS\System32\powrprof.dll
0x00007fface570000 - 0x00007fface57a000 	C:\WINDOWS\System32\FLTLIB.DLL

VM Arguments:
jvm_args: -Djava.awt.headless=true -Xmx1024M -Dfile.encoding=windows-1252 -Duser.country=US -Duser.language=en -Duser.variant 
java_command: com.android.dx.command.Main --dex --num-threads=4 --output C:\tmp\AndroidProject\app\intermediates\pre-dexed\debug\com.android.support-appcompat-v7-25.1.0_473ba02f9f0e1791e08419a753467bdd10867f2f.jar C:\tmp\AndroidProject\app\intermediates\exploded-aar\com.android.support\appcompat-v7\25.1.0\jars\classes.jar
java_class_path (initial): C:\Users\Laze\AppData\Local\Android\sdk\build-tools\25.0.2\lib\dx.jar
Launcher Type: SUN_STANDARD

Environment Variables:
PATH=C:\ProgramData\Oracle\Java\javapath;C:\WINDOWS\system32;C:\WINDOWS;C:\WINDOWS\System32\Wbem;C:\WINDOWS\System32\WindowsPowerShell\v1.0\;C:\Program Files\MiKTeX 2.9\miktex\bin\x64\;C:\Program Files (x86)\Wolfram Research\WolframScript\;C:\Windows\SysWOW64;C:\Program Files\MATLAB\R2017b\bin;C:\Program Files\dotnet\;C:\Program Files\Microsoft SQL Server\130\Tools\Binn\;C:\Program Files\Git\cmd;C:\Program Files\PuTTY\;C:\WINDOWS\System32\OpenSSH\;C:\Program Files\nodejs\;C:\Windows\SysWOW64;C:\Users\Laze\AppData\Local\Microsoft\WindowsApps;C:\Users\Laze\AppData\Roaming\npm
USERNAME=Laze
OS=Windows_NT
PROCESSOR_IDENTIFIER=Intel64 Family 6 Model 42 Stepping 7, GenuineIntel



---------------  S Y S T E M  ---------------

OS: Windows 10.0 , 64 bit Build 17134 (10.0.17134.1)

CPU:total 2 (initial active 2) (2 cores per cpu, 1 threads per core) family 6 model 42 stepping 7, cmov, cx8, fxsr, mmx, sse, sse2, sse3, ssse3, sse4.1, sse4.2, popcnt, clmul, tsc, tscinvbit

Memory: 4k page, physical 6103404k(756024k free), swap 9175404k(5228k free)

vm_info: OpenJDK 64-Bit Server VM (25.152-b01) for windows-amd64 JRE (1.8.0_152-release-915-b01), built by "builder" with MS VC++ 10.0 (VS2010)

time: Fri Jun 22 02:39:00 2018
elapsed time: 10 seconds (0d 0h 0m 10s)

